# JRE version: OpenJDK Runtime Environment Microsoft-11926163 (17.0.16+8) (build 17.0.16+8-LTS)
# Java VM: OpenJDK 64-Bit Server VM Microsoft-11926163 (17.0.16+8-LTS, mixed mode, sharing, tiered, compressed oops, compressed class ptrs, g1 gc, windows-amd64)
GC Precious Log:
 CPUs: 8 total, 8 available
 Memory: 7939M
 Large Page Support: Disabled
 NUMA Support: Disabled
 Compressed Oops: Enabled (32-bit)
 Heap Region Size: 1M
 Heap Min Capacity: 8M
 Heap Initial Capacity: 126M
 Heap Max Capacity: 1986M
 Pre-touch: Disabled
 Parallel Workers: 8
 Concurrent Workers: 2
 Concurrent Refinement Workers: 8
 Periodic GC: Disabled
Heap:
 garbage-first heap   total 58368K, used 35624K [0x0000000083e00000, 0x0000000100000000)
  region size 1024K, 5 young (5120K), 2 survivors (2048K)
 Metaspace       used 76158K, committed 76800K, reserved 1179648K
  class space    used 10558K, committed 10880K, reserved 1048576K
GC Heap History (20 events):
Event: 13.145 GC heap before
{Heap before GC invocations=16 (full 0):
 garbage-first heap   total 55296K, used 27221K [0x0000000083e00000, 0x0000000100000000)
  region size 1024K, 5 young (5120K), 3 survivors (3072K)
 Metaspace       used 59869K, committed 60416K, reserved 1114112K
  class space    used 8224K, committed 8448K, reserved 1048576K
}
Event: 13.148 GC heap after
{Heap after GC invocations=17 (full 0):
 garbage-first heap   total 55296K, used 26220K [0x0000000083e00000, 0x0000000100000000)
  region size 1024K, 2 young (2048K), 2 survivors (2048K)
 Metaspace       used 59869K, committed 60416K, reserved 1114112K
  class space    used 8224K, committed 8448K, reserved 1048576K
}
Event: 13.514 GC heap before
{Heap before GC invocations=18 (full 0):
 garbage-first heap   total 55296K, used 44652K [0x0000000083e00000, 0x0000000100000000)
  region size 1024K, 20 young (20480K), 2 survivors (2048K)
 Metaspace       used 60932K, committed 61504K, reserved 1114112K
  class space    used 8458K, committed 8704K, reserved 1048576K
}
Event: 13.516 GC heap after
{Heap after GC invocations=19 (full 0):
 garbage-first heap   total 55296K, used 27433K [0x0000000083e00000, 0x0000000100000000)
  region size 1024K, 3 young (3072K), 3 survivors (3072K)
 Metaspace       used 60932K, committed 61504K, reserved 1114112K
  class space    used 8458K, committed 8704K, reserved 1048576K
}
Event: 13.901 GC heap before
{Heap before GC invocations=19 (full 0):
 garbage-first heap   total 55296K, used 43817K [0x0000000083e00000, 0x0000000100000000)
  region size 1024K, 20 young (20480K), 3 survivors (3072K)
 Metaspace       used 62973K, committed 63552K, reserved 1114112K
  class space    used 8742K, committed 9024K, reserved 1048576K
}
Event: 13.904 GC heap after
{Heap after GC invocations=20 (full 0):
 garbage-first heap   total 55296K, used 28628K [0x0000000083e00000, 0x0000000100000000)
  region size 1024K, 3 young (3072K), 3 survivors (3072K)
 Metaspace       used 62973K, committed 63552K, reserved 1114112K
  class space    used 8742K, committed 9024K, reserved 1048576K
}
Event: 14.180 GC heap before
{Heap before GC invocations=20 (full 0):
 garbage-first heap   total 55296K, used 42964K [0x0000000083e00000, 0x0000000100000000)
  region size 1024K, 18 young (18432K), 3 survivors (3072K)
 Metaspace       used 64311K, committed 64896K, reserved 1114112K
  class space    used 8933K, committed 9216K, reserved 1048576K
}
Event: 14.184 GC heap after
{Heap after GC invocations=21 (full 0):
 garbage-first heap   total 55296K, used 29671K [0x0000000083e00000, 0x0000000100000000)
  region size 1024K, 3 young (3072K), 3 survivors (3072K)
 Metaspace       used 64311K, committed 64896K, reserved 1114112K
  class space    used 8933K, committed 9216K, reserved 1048576K
}
Event: 95.994 GC heap before
{Heap before GC invocations=22 (full 0):
 garbage-first heap   total 55296K, used 45031K [0x0000000083e00000, 0x0000000100000000)
  region size 1024K, 18 young (18432K), 3 survivors (3072K)
 Metaspace       used 65576K, committed 66176K, reserved 1114112K
  class space    used 9112K, committed 9408K, reserved 1048576K
}
Event: 96.009 GC heap after
{Heap after GC invocations=23 (full 0):
 garbage-first heap   total 55296K, used 30502K [0x0000000083e00000, 0x0000000100000000)
  region size 1024K, 2 young (2048K), 2 survivors (2048K)
 Metaspace       used 65576K, committed 66176K, reserved 1114112K
  class space    used 9112K, committed 9408K, reserved 1048576K
}
Event: 364.373 GC heap before
{Heap before GC invocations=23 (full 0):
 garbage-first heap   total 55296K, used 45862K [0x0000000083e00000, 0x0000000100000000)
  region size 1024K, 17 young (17408K), 2 survivors (2048K)
 Metaspace       used 67428K, committed 68032K, reserved 1114112K
  class space    used 9336K, committed 9600K, reserved 1048576K
}
Event: 364.386 GC heap after
{Heap after GC invocations=24 (full 0):
 garbage-first heap   total 55296K, used 30994K [0x0000000083e00000, 0x0000000100000000)
  region size 1024K, 2 young (2048K), 2 survivors (2048K)
 Metaspace       used 67428K, committed 68032K, reserved 1114112K
  class space    used 9336K, committed 9600K, reserved 1048576K
}
Event: 366.161 GC heap before
{Heap before GC invocations=25 (full 0):
 garbage-first heap   total 55296K, used 44306K [0x0000000083e00000, 0x0000000100000000)
  region size 1024K, 16 young (16384K), 2 survivors (2048K)
 Metaspace       used 71367K, committed 71936K, reserved 1114112K
  class space    used 9926K, committed 10176K, reserved 1048576K
}
Event: 366.164 GC heap after
{Heap after GC invocations=26 (full 0):
 garbage-first heap   total 55296K, used 31477K [0x0000000083e00000, 0x0000000100000000)
  region size 1024K, 1 young (1024K), 1 survivors (1024K)
 Metaspace       used 71367K, committed 71936K, reserved 1114112K
  class space    used 9926K, committed 10176K, reserved 1048576K
}
Event: 430.603 GC heap before
{Heap before GC invocations=26 (full 0):
 garbage-first heap   total 55296K, used 44789K [0x0000000083e00000, 0x0000000100000000)
  region size 1024K, 15 young (15360K), 1 survivors (1024K)
 Metaspace       used 73495K, committed 74112K, reserved 1114112K
  class space    used 10263K, committed 10560K, reserved 1048576K
}
Event: 430.611 GC heap after
{Heap after GC invocations=27 (full 0):
 garbage-first heap   total 55296K, used 33514K [0x0000000083e00000, 0x0000000100000000)
  region size 1024K, 2 young (2048K), 2 survivors (2048K)
 Metaspace       used 73495K, committed 74112K, reserved 1114112K
  class space    used 10263K, committed 10560K, reserved 1048576K
}
Event: 582.571 GC heap before
{Heap before GC invocations=28 (full 0):
 garbage-first heap   total 58368K, used 44778K [0x0000000083e00000, 0x0000000100000000)
  region size 1024K, 13 young (13312K), 2 survivors (2048K)
 Metaspace       used 74487K, committed 75136K, reserved 1114112K
  class space    used 10378K, committed 10688K, reserved 1048576K
}
Event: 582.595 GC heap after
{Heap after GC invocations=29 (full 0):
 garbage-first heap   total 58368K, used 34392K [0x0000000083e00000, 0x0000000100000000)
  region size 1024K, 1 young (1024K), 1 survivors (1024K)
 Metaspace       used 74487K, committed 75136K, reserved 1114112K
  class space    used 10378K, committed 10688K, reserved 1048576K
}
Event: 764.443 GC heap before
{Heap before GC invocations=29 (full 0):
 garbage-first heap   total 58368K, used 47704K [0x0000000083e00000, 0x0000000100000000)
  region size 1024K, 14 young (14336K), 1 survivors (1024K)
 Metaspace       used 75665K, committed 76352K, reserved 1179648K
  class space    used 10500K, committed 10816K, reserved 1048576K
}
Event: 764.446 GC heap after
{Heap after GC invocations=30 (full 0):
 garbage-first heap   total 58368K, used 34600K [0x0000000083e00000, 0x0000000100000000)
  region size 1024K, 2 young (2048K), 2 survivors (2048K)
 Metaspace       used 75665K, committed 76352K, reserved 1179648K
  class space    used 10500K, committed 10816K, reserved 1048576K
}

